<?xml version="1.0" encoding="UTF-8"?>
<!-- Generated by org.testng.reporters.JUnitReportReporter -->
<testsuite skipped="0" hostname="jyothi-pc" name="com.zohocrm.testscript.DriveFunctionalTestCases" tests="7" failures="0" timestamp="2022-11-13T00:48:37 IST" time="104.325" errors="0">
  <testcase name="testEndDateTextField" time="12.988" classname="com.zohocrm.testscript.DriveFunctionalTestCases"/>
  <system-out/>
  <testcase name="testBudgetedCostTextField" time="12.565" classname="com.zohocrm.testscript.DriveFunctionalTestCases"/>
  <system-out/>
  <testcase name="testExpectedResponseTextField" time="17.654" classname="com.zohocrm.testscript.DriveFunctionalTestCases"/>
  <system-out/>
  <testcase name="testStartDateTextField" time="11.677" classname="com.zohocrm.testscript.DriveFunctionalTestCases"/>
  <system-out/>
  <testcase name="testActualCostTextField" time="14.791" classname="com.zohocrm.testscript.DriveFunctionalTestCases"/>
  <system-out/>
  <testcase name="testExpectedRevenueTextField" time="9.883" classname="com.zohocrm.testscript.DriveFunctionalTestCases"/>
  <system-out/>
  <testcase name="testDriveNameTextField" time="24.767" classname="com.zohocrm.testscript.DriveFunctionalTestCases"/>
  <system-out/>
</testsuite> <!-- com.zohocrm.testscript.DriveFunctionalTestCases -->
