<?xml version="1.0" encoding="UTF-8"?>
<!-- Generated by org.testng.reporters.JUnitReportReporter -->
<testsuite skipped="0" hostname="jyothi-pc" name="com.zohocrm.testscript.DriveTestClass" tests="1" failures="0" timestamp="2022-11-11T17:32:55 IST" time="22.508" errors="0">
  <testcase name="testDrive" time="22.508" classname="com.zohocrm.testscript.DriveTestClass"/>
  <system-out/>
</testsuite> <!-- com.zohocrm.testscript.DriveTestClass -->
