<?xml version="1.0" encoding="UTF-8"?>
<!-- Generated by org.testng.reporters.JUnitReportReporter -->
<testsuite skipped="0" hostname="jyothi-pc" name="com.zohocrm.testscript.DriveTestClass" tests="1" failures="0" timestamp="2022-11-25T18:33:06 IST" time="18.978" errors="0">
  <testcase name="testDrive" time="18.978" classname="com.zohocrm.testscript.DriveTestClass"/>
  <system-out/>
</testsuite> <!-- com.zohocrm.testscript.DriveTestClass -->
