<?xml version="1.0" encoding="UTF-8"?>
<!-- Generated by org.testng.reporters.JUnitReportReporter -->
<testsuite skipped="0" hostname="jyothi-pc" name="com.zohocrm.testscript.DriveFunctionalTestCases" tests="1" failures="0" timestamp="2022-11-25T18:34:26 IST" time="18.598" errors="0">
  <testcase name="testActualCostTextField" time="18.598" classname="com.zohocrm.testscript.DriveFunctionalTestCases"/>
  <system-out/>
</testsuite> <!-- com.zohocrm.testscript.DriveFunctionalTestCases -->
